0 info it worked if it ends with ok
1 verbose cli [ '/usr/local/bin/node',
1 verbose cli   '/usr/local/bin/npm',
1 verbose cli   'start',
1 verbose cli   'index.js' ]
2 info using npm@3.10.10
3 info using node@v6.11.4
4 verbose run-script [ 'prestart', 'start', 'poststart' ]
5 info lifecycle nodejs@1.0.0~prestart: nodejs@1.0.0
6 silly lifecycle nodejs@1.0.0~prestart: no script for prestart, continuing
7 info lifecycle nodejs@1.0.0~start: nodejs@1.0.0
8 verbose lifecycle nodejs@1.0.0~start: unsafe-perm in lifecycle true
9 verbose lifecycle nodejs@1.0.0~start: PATH: /usr/local/lib/node_modules/npm/bin/node-gyp-bin:/Users/kawakamii/Documents/Coding/nodejs_Twitter/node_modules/.bin:/Users/kawakamii/.rvm/gems/ruby-2.2.0/bin:/Users/kawakamii/.rvm/gems/ruby-2.2.0@global/bin:/Users/kawakamii/.rvm/rubies/ruby-2.2.0/bin:/usr/local/bin:/usr/bin:/bin:/usr/sbin:/sbin:/Library/TeX/texbin:/usr/local/go/bin:/opt/X11/bin:/bin/:/Users/kawakamii/.gopath/bin:/Users/kawakamii/glew-1.11.0/bin:/usr/local/go/bin:/Users/kawakamii/code/go-local/bin:/Users/kawakamii/.rvm/bin:/usr/local/texlive/2014/bin/x86_64-darwin/
10 verbose lifecycle nodejs@1.0.0~start: CWD: /Users/kawakamii/Documents/Coding/nodejs_Twitter
11 silly lifecycle nodejs@1.0.0~start: Args: [ '-c', 'node index.js "index.js"' ]
12 silly lifecycle nodejs@1.0.0~start: Returned: code: 1  signal: null
13 info lifecycle nodejs@1.0.0~start: Failed to exec start script
14 verbose stack Error: nodejs@1.0.0 start: `node index.js "index.js"`
14 verbose stack Exit status 1
14 verbose stack     at EventEmitter.<anonymous> (/usr/local/lib/node_modules/npm/lib/utils/lifecycle.js:255:16)
14 verbose stack     at emitTwo (events.js:106:13)
14 verbose stack     at EventEmitter.emit (events.js:191:7)
14 verbose stack     at ChildProcess.<anonymous> (/usr/local/lib/node_modules/npm/lib/utils/spawn.js:40:14)
14 verbose stack     at emitTwo (events.js:106:13)
14 verbose stack     at ChildProcess.emit (events.js:191:7)
14 verbose stack     at maybeClose (internal/child_process.js:920:16)
14 verbose stack     at Process.ChildProcess._handle.onexit (internal/child_process.js:230:5)
15 verbose pkgid nodejs@1.0.0
16 verbose cwd /Users/kawakamii/Documents/Coding/nodejs_Twitter
17 error Darwin 17.3.0
18 error argv "/usr/local/bin/node" "/usr/local/bin/npm" "start" "index.js"
19 error node v6.11.4
20 error npm  v3.10.10
21 error code ELIFECYCLE
22 error nodejs@1.0.0 start: `node index.js "index.js"`
22 error Exit status 1
23 error Failed at the nodejs@1.0.0 start script 'node index.js "index.js"'.
23 error Make sure you have the latest version of node.js and npm installed.
23 error If you do, this is most likely a problem with the nodejs package,
23 error not with npm itself.
23 error Tell the author that this fails on your system:
23 error     node index.js "index.js"
23 error You can get information on how to open an issue for this project with:
23 error     npm bugs nodejs
23 error Or if that isn't available, you can get their info via:
23 error     npm owner ls nodejs
23 error There is likely additional logging output above.
24 verbose exit [ 1, true ]
